<?xml version="1.0" encoding="UTF-8"?>
<!-- Generated by org.testng.reporters.JUnitReportReporter -->
<testsuite hostname="MONANAND-IN" name="Test1" tests="1" failures="0" timestamp="18 Nov 2019 14:28:59 GMT" time="0.016" errors="0">
  <testcase name="test1" time="0.016" classname="Test1"/>
</testsuite> <!-- Test1 -->
